{"/Users/romanersov/Projects/color-organizer/src/actionCreators.js": {"path":"/Users/romanersov/Projects/color-organizer/src/actionCreators.js","statementMap":{"0":{"start":{"line":4,"column":24},"end":{"line":10,"column":5}},"1":{"start":{"line":4,"column":43},"end":{"line":10,"column":4}},"2":{"start":{"line":13,"column":25},"end":{"line":17,"column":5}},"3":{"start":{"line":13,"column":42},"end":{"line":17,"column":4}},"4":{"start":{"line":20,"column":27},"end":{"line":23,"column":5}},"5":{"start":{"line":20,"column":36},"end":{"line":23,"column":4}}},"fnMap":{"0":{"name":"(anonymous_0)","decl":{"start":{"line":4,"column":24},"end":{"line":4,"column":25}},"loc":{"start":{"line":4,"column":43},"end":{"line":10,"column":4}},"line":4},"1":{"name":"(anonymous_1)","decl":{"start":{"line":13,"column":25},"end":{"line":13,"column":26}},"loc":{"start":{"line":13,"column":42},"end":{"line":17,"column":4}},"line":13},"2":{"name":"(anonymous_2)","decl":{"start":{"line":20,"column":27},"end":{"line":20,"column":28}},"loc":{"start":{"line":20,"column":36},"end":{"line":23,"column":4}},"line":20}},"branchMap":{},"s":{"0":1,"1":1,"2":1,"3":1,"4":1,"5":1},"f":{"0":1,"1":1,"2":1},"b":{},"_coverageSchema":"1a1c01bbd47fc00a2c39e90264f33305004495a9","hash":"44f20e4592d05b3e9dfc223230c91df9f19c6860"}
,"/Users/romanersov/Projects/color-organizer/src/constants.js": {"path":"/Users/romanersov/Projects/color-organizer/src/constants.js","statementMap":{"0":{"start":{"line":1,"column":18},"end":{"line":5,"column":1}}},"fnMap":{},"branchMap":{},"s":{"0":3},"f":{},"b":{},"_coverageSchema":"1a1c01bbd47fc00a2c39e90264f33305004495a9","hash":"818511197c326b9d359f846a1c7783e5419f2bdb"}
,"/Users/romanersov/Projects/color-organizer/src/components/ui/AddColorForm.js": {"path":"/Users/romanersov/Projects/color-organizer/src/components/ui/AddColorForm.js","statementMap":{"0":{"start":{"line":5,"column":21},"end":{"line":38,"column":1}},"1":{"start":{"line":5,"column":43},"end":{"line":5,"column":44}},"2":{"start":{"line":6,"column":27},"end":{"line":12,"column":4}},"3":{"start":{"line":7,"column":6},"end":{"line":7,"column":29}},"4":{"start":{"line":8,"column":6},"end":{"line":8,"column":55}},"5":{"start":{"line":9,"column":6},"end":{"line":9,"column":28}},"6":{"start":{"line":10,"column":6},"end":{"line":10,"column":36}},"7":{"start":{"line":11,"column":6},"end":{"line":11,"column":25}},"8":{"start":{"line":15,"column":3},"end":{"line":37,"column":4}},"9":{"start":{"line":21,"column":31},"end":{"line":21,"column":53}},"10":{"start":{"line":28,"column":32},"end":{"line":28,"column":56}},"11":{"start":{"line":40,"column":0},"end":{"line":42,"column":1}}},"fnMap":{"0":{"name":"(anonymous_0)","decl":{"start":{"line":5,"column":21},"end":{"line":5,"column":22}},"loc":{"start":{"line":5,"column":51},"end":{"line":38,"column":1}},"line":5},"1":{"name":"(anonymous_1)","decl":{"start":{"line":5,"column":38},"end":{"line":5,"column":39}},"loc":{"start":{"line":5,"column":43},"end":{"line":5,"column":44}},"line":5},"2":{"name":"(anonymous_2)","decl":{"start":{"line":6,"column":27},"end":{"line":6,"column":28}},"loc":{"start":{"line":6,"column":38},"end":{"line":12,"column":4}},"line":6},"3":{"name":"(anonymous_3)","decl":{"start":{"line":21,"column":18},"end":{"line":21,"column":19}},"loc":{"start":{"line":21,"column":31},"end":{"line":21,"column":53}},"line":21},"4":{"name":"(anonymous_4)","decl":{"start":{"line":28,"column":18},"end":{"line":28,"column":19}},"loc":{"start":{"line":28,"column":32},"end":{"line":28,"column":56}},"line":28}},"branchMap":{"0":{"loc":{"start":{"line":5,"column":24},"end":{"line":5,"column":44}},"type":"default-arg","locations":[{"start":{"line":5,"column":38},"end":{"line":5,"column":44}}],"line":5}},"s":{"0":1,"1":0,"2":7,"3":5,"4":5,"5":5,"6":5,"7":5,"8":7,"9":6,"10":6,"11":1},"f":{"0":7,"1":0,"2":5,"3":6,"4":6},"b":{"0":[2]},"_coverageSchema":"1a1c01bbd47fc00a2c39e90264f33305004495a9","hash":"bd743b2944cdd1cb4444d7c0afb9cadd39da0e70"}
,"/Users/romanersov/Projects/color-organizer/src/components/ui/Color.js": {"path":"/Users/romanersov/Projects/color-organizer/src/components/ui/Color.js","statementMap":{"0":{"start":{"line":12,"column":81},"end":{"line":12,"column":91}},"1":{"start":{"line":14,"column":6},"end":{"line":39,"column":8}},"2":{"start":{"line":19,"column":31},"end":{"line":19,"column":53}},"3":{"start":{"line":32,"column":31},"end":{"line":32,"column":53}},"4":{"start":{"line":44,"column":0},"end":{"line":50,"column":1}},"5":{"start":{"line":52,"column":0},"end":{"line":56,"column":1}},"6":{"start":{"line":54,"column":19},"end":{"line":54,"column":20}},"7":{"start":{"line":55,"column":17},"end":{"line":55,"column":18}}},"fnMap":{"0":{"name":"(anonymous_0)","decl":{"start":{"line":11,"column":3},"end":{"line":11,"column":4}},"loc":{"start":{"line":11,"column":12},"end":{"line":40,"column":4}},"line":11},"1":{"name":"(anonymous_1)","decl":{"start":{"line":19,"column":25},"end":{"line":19,"column":26}},"loc":{"start":{"line":19,"column":31},"end":{"line":19,"column":53}},"line":19},"2":{"name":"(anonymous_2)","decl":{"start":{"line":32,"column":25},"end":{"line":32,"column":26}},"loc":{"start":{"line":32,"column":31},"end":{"line":32,"column":53}},"line":32},"3":{"name":"(anonymous_3)","decl":{"start":{"line":54,"column":14},"end":{"line":54,"column":15}},"loc":{"start":{"line":54,"column":19},"end":{"line":54,"column":20}},"line":54},"4":{"name":"(anonymous_4)","decl":{"start":{"line":55,"column":12},"end":{"line":55,"column":13}},"loc":{"start":{"line":55,"column":17},"end":{"line":55,"column":18}},"line":55}},"branchMap":{},"s":{"0":7,"1":7,"2":0,"3":0,"4":1,"5":1,"6":1,"7":1},"f":{"0":7,"1":0,"2":0,"3":1,"4":1},"b":{},"_coverageSchema":"1a1c01bbd47fc00a2c39e90264f33305004495a9","hash":"b5043b173a4efb6961e6da2de5b2eda374fd3ad0"}
,"/Users/romanersov/Projects/color-organizer/src/components/ui/ColorList.js": {"path":"/Users/romanersov/Projects/color-organizer/src/components/ui/ColorList.js","statementMap":{"0":{"start":{"line":6,"column":18},"end":{"line":21,"column":1}},"1":{"start":{"line":6,"column":48},"end":{"line":6,"column":49}},"2":{"start":{"line":6,"column":67},"end":{"line":6,"column":68}},"3":{"start":{"line":7,"column":3},"end":{"line":20,"column":9}},"4":{"start":{"line":11,"column":12},"end":{"line":16,"column":14}},"5":{"start":{"line":13,"column":32},"end":{"line":13,"column":50}},"6":{"start":{"line":14,"column":36},"end":{"line":14,"column":60}},"7":{"start":{"line":23,"column":0},"end":{"line":27,"column":2}}},"fnMap":{"0":{"name":"(anonymous_0)","decl":{"start":{"line":6,"column":18},"end":{"line":6,"column":19}},"loc":{"start":{"line":7,"column":3},"end":{"line":20,"column":9}},"line":7},"1":{"name":"(anonymous_1)","decl":{"start":{"line":6,"column":43},"end":{"line":6,"column":44}},"loc":{"start":{"line":6,"column":48},"end":{"line":6,"column":49}},"line":6},"2":{"name":"(anonymous_2)","decl":{"start":{"line":6,"column":62},"end":{"line":6,"column":63}},"loc":{"start":{"line":6,"column":67},"end":{"line":6,"column":68}},"line":6},"3":{"name":"(anonymous_3)","decl":{"start":{"line":10,"column":23},"end":{"line":10,"column":24}},"loc":{"start":{"line":11,"column":12},"end":{"line":16,"column":14}},"line":11},"4":{"name":"(anonymous_4)","decl":{"start":{"line":13,"column":26},"end":{"line":13,"column":27}},"loc":{"start":{"line":13,"column":32},"end":{"line":13,"column":50}},"line":13},"5":{"name":"(anonymous_5)","decl":{"start":{"line":14,"column":24},"end":{"line":14,"column":25}},"loc":{"start":{"line":14,"column":36},"end":{"line":14,"column":60}},"line":14}},"branchMap":{"0":{"loc":{"start":{"line":6,"column":21},"end":{"line":6,"column":32}},"type":"default-arg","locations":[{"start":{"line":6,"column":30},"end":{"line":6,"column":32}}],"line":6},"1":{"loc":{"start":{"line":6,"column":34},"end":{"line":6,"column":49}},"type":"default-arg","locations":[{"start":{"line":6,"column":43},"end":{"line":6,"column":49}}],"line":6},"2":{"loc":{"start":{"line":6,"column":51},"end":{"line":6,"column":68}},"type":"default-arg","locations":[{"start":{"line":6,"column":62},"end":{"line":6,"column":68}}],"line":6},"3":{"loc":{"start":{"line":9,"column":6},"end":{"line":18,"column":49}},"type":"cond-expr","locations":[{"start":{"line":10,"column":11},"end":{"line":17,"column":10}},{"start":{"line":18,"column":11},"end":{"line":18,"column":49}}],"line":9}},"s":{"0":1,"1":1,"2":1,"3":10,"4":24,"5":3,"6":3,"7":1},"f":{"0":10,"1":1,"2":1,"3":24,"4":3,"5":3},"b":{"0":[2],"1":[8],"2":[8],"3":[8,2]},"_coverageSchema":"1a1c01bbd47fc00a2c39e90264f33305004495a9","hash":"c9cac25f056e8f91c3f4a3222682a1bb2db3c7c8"}
,"/Users/romanersov/Projects/color-organizer/src/components/ui/Menu.js": {"path":"/Users/romanersov/Projects/color-organizer/src/components/ui/Menu.js","statementMap":{"0":{"start":{"line":5,"column":22},"end":{"line":7,"column":1}},"1":{"start":{"line":9,"column":13},"end":{"line":30,"column":1}},"2":{"start":{"line":10,"column":3},"end":{"line":29,"column":9}}},"fnMap":{"0":{"name":"(anonymous_0)","decl":{"start":{"line":9,"column":13},"end":{"line":9,"column":14}},"loc":{"start":{"line":10,"column":3},"end":{"line":29,"column":9}},"line":10}},"branchMap":{"0":{"loc":{"start":{"line":13,"column":16},"end":{"line":13,"column":49}},"type":"cond-expr","locations":[{"start":{"line":13,"column":31},"end":{"line":13,"column":44}},{"start":{"line":13,"column":47},"end":{"line":13,"column":49}}],"line":13}},"s":{"0":1,"1":1,"2":3},"f":{"0":3},"b":{"0":[1,2]},"_coverageSchema":"1a1c01bbd47fc00a2c39e90264f33305004495a9","hash":"6a29ad530899209fd6ed44cc150980958e58c60b"}
,"/Users/romanersov/Projects/color-organizer/src/components/ui/Star.js": {"path":"/Users/romanersov/Projects/color-organizer/src/components/ui/Star.js","statementMap":{"0":{"start":{"line":5,"column":13},"end":{"line":15,"column":1}},"1":{"start":{"line":5,"column":48},"end":{"line":5,"column":49}},"2":{"start":{"line":6,"column":22},"end":{"line":6,"column":76}},"3":{"start":{"line":8,"column":3},"end":{"line":13,"column":5}},"4":{"start":{"line":17,"column":0},"end":{"line":21,"column":1}}},"fnMap":{"0":{"name":"(anonymous_0)","decl":{"start":{"line":5,"column":13},"end":{"line":5,"column":14}},"loc":{"start":{"line":5,"column":71},"end":{"line":15,"column":1}},"line":5},"1":{"name":"(anonymous_1)","decl":{"start":{"line":5,"column":43},"end":{"line":5,"column":44}},"loc":{"start":{"line":5,"column":48},"end":{"line":5,"column":49}},"line":5}},"branchMap":{"0":{"loc":{"start":{"line":5,"column":15},"end":{"line":5,"column":31}},"type":"default-arg","locations":[{"start":{"line":5,"column":26},"end":{"line":5,"column":31}}],"line":5},"1":{"loc":{"start":{"line":5,"column":33},"end":{"line":5,"column":49}},"type":"default-arg","locations":[{"start":{"line":5,"column":43},"end":{"line":5,"column":49}}],"line":5},"2":{"loc":{"start":{"line":5,"column":51},"end":{"line":5,"column":65}},"type":"default-arg","locations":[{"start":{"line":5,"column":63},"end":{"line":5,"column":65}}],"line":5},"3":{"loc":{"start":{"line":6,"column":30},"end":{"line":6,"column":61}},"type":"cond-expr","locations":[{"start":{"line":6,"column":41},"end":{"line":6,"column":56}},{"start":{"line":6,"column":59},"end":{"line":6,"column":61}}],"line":6}},"s":{"0":3,"1":0,"2":43,"3":43,"4":3},"f":{"0":43,"1":0},"b":{"0":[2],"1":[2],"2":[3],"3":[4,39]},"_coverageSchema":"1a1c01bbd47fc00a2c39e90264f33305004495a9","hash":"9fddde2554ce08c7cf7945c48dedd45944d30db7"}
,"/Users/romanersov/Projects/color-organizer/src/components/ui/StarRating.js": {"path":"/Users/romanersov/Projects/color-organizer/src/components/ui/StarRating.js","statementMap":{"0":{"start":{"line":7,"column":19},"end":{"line":21,"column":1}},"1":{"start":{"line":7,"column":70},"end":{"line":7,"column":71}},"2":{"start":{"line":8,"column":3},"end":{"line":20,"column":9}},"3":{"start":{"line":11,"column":12},"end":{"line":16,"column":14}},"4":{"start":{"line":15,"column":31},"end":{"line":15,"column":44}},"5":{"start":{"line":23,"column":0},"end":{"line":27,"column":1}}},"fnMap":{"0":{"name":"(anonymous_0)","decl":{"start":{"line":7,"column":19},"end":{"line":7,"column":20}},"loc":{"start":{"line":8,"column":3},"end":{"line":20,"column":9}},"line":8},"1":{"name":"(anonymous_1)","decl":{"start":{"line":7,"column":65},"end":{"line":7,"column":66}},"loc":{"start":{"line":7,"column":70},"end":{"line":7,"column":71}},"line":7},"2":{"name":"(anonymous_2)","decl":{"start":{"line":10,"column":38},"end":{"line":10,"column":39}},"loc":{"start":{"line":11,"column":12},"end":{"line":16,"column":14}},"line":11},"3":{"name":"(anonymous_3)","decl":{"start":{"line":15,"column":25},"end":{"line":15,"column":26}},"loc":{"start":{"line":15,"column":31},"end":{"line":15,"column":44}},"line":15}},"branchMap":{"0":{"loc":{"start":{"line":7,"column":21},"end":{"line":7,"column":38}},"type":"default-arg","locations":[{"start":{"line":7,"column":37},"end":{"line":7,"column":38}}],"line":7},"1":{"loc":{"start":{"line":7,"column":40},"end":{"line":7,"column":54}},"type":"default-arg","locations":[{"start":{"line":7,"column":53},"end":{"line":7,"column":54}}],"line":7},"2":{"loc":{"start":{"line":7,"column":56},"end":{"line":7,"column":71}},"type":"default-arg","locations":[{"start":{"line":7,"column":65},"end":{"line":7,"column":71}}],"line":7}},"s":{"0":2,"1":1,"2":8,"3":40,"4":6,"5":2},"f":{"0":8,"1":1,"2":40,"3":6},"b":{"0":[1],"1":[7],"2":[1]},"_coverageSchema":"1a1c01bbd47fc00a2c39e90264f33305004495a9","hash":"2fec32516f7a6e8f8e7b0f165b8afee438eabbaa"}
,"/Users/romanersov/Projects/color-organizer/src/components/ui/TimeAgo.js": {"path":"/Users/romanersov/Projects/color-organizer/src/components/ui/TimeAgo.js","statementMap":{"0":{"start":{"line":5,"column":16},"end":{"line":8,"column":9}},"1":{"start":{"line":6,"column":3},"end":{"line":8,"column":9}}},"fnMap":{"0":{"name":"(anonymous_0)","decl":{"start":{"line":5,"column":16},"end":{"line":5,"column":17}},"loc":{"start":{"line":6,"column":3},"end":{"line":8,"column":9}},"line":6}},"branchMap":{},"s":{"0":1,"1":6},"f":{"0":6},"b":{},"_coverageSchema":"1a1c01bbd47fc00a2c39e90264f33305004495a9","hash":"3ad904c6ac2b474f2d4e9610a77ec40461ef41c2"}
,"/Users/romanersov/Projects/color-organizer/src/store/index.js": {"path":"/Users/romanersov/Projects/color-organizer/src/store/index.js","statementMap":{"0":{"start":{"line":5,"column":21},"end":{"line":18,"column":1}},"1":{"start":{"line":5,"column":30},"end":{"line":18,"column":1}},"2":{"start":{"line":5,"column":38},"end":{"line":18,"column":1}},"3":{"start":{"line":6,"column":4},"end":{"line":17,"column":5}},"4":{"start":{"line":8,"column":8},"end":{"line":8,"column":58}},"5":{"start":{"line":9,"column":8},"end":{"line":9,"column":51}},"6":{"start":{"line":10,"column":8},"end":{"line":10,"column":37}},"7":{"start":{"line":11,"column":8},"end":{"line":11,"column":29}},"8":{"start":{"line":12,"column":8},"end":{"line":12,"column":51}},"9":{"start":{"line":13,"column":8},"end":{"line":13,"column":26}},"10":{"start":{"line":14,"column":8},"end":{"line":14,"column":21}},"11":{"start":{"line":16,"column":8},"end":{"line":16,"column":27}},"12":{"start":{"line":20,"column":21},"end":{"line":25,"column":1}},"13":{"start":{"line":20,"column":30},"end":{"line":25,"column":1}},"14":{"start":{"line":20,"column":38},"end":{"line":25,"column":1}},"15":{"start":{"line":21,"column":4},"end":{"line":21,"column":50}},"16":{"start":{"line":22,"column":4},"end":{"line":22,"column":23}},"17":{"start":{"line":23,"column":4},"end":{"line":23,"column":21}},"18":{"start":{"line":24,"column":4},"end":{"line":24,"column":23}},"19":{"start":{"line":27,"column":19},"end":{"line":30,"column":1}},"20":{"start":{"line":27,"column":31},"end":{"line":30,"column":1}},"21":{"start":{"line":32,"column":21},"end":{"line":36,"column":5}},"22":{"start":{"line":33,"column":4},"end":{"line":36,"column":5}}},"fnMap":{"0":{"name":"(anonymous_0)","decl":{"start":{"line":5,"column":21},"end":{"line":5,"column":22}},"loc":{"start":{"line":5,"column":30},"end":{"line":18,"column":1}},"line":5},"1":{"name":"(anonymous_1)","decl":{"start":{"line":5,"column":30},"end":{"line":5,"column":31}},"loc":{"start":{"line":5,"column":38},"end":{"line":18,"column":1}},"line":5},"2":{"name":"(anonymous_2)","decl":{"start":{"line":5,"column":38},"end":{"line":5,"column":39}},"loc":{"start":{"line":5,"column":48},"end":{"line":18,"column":1}},"line":5},"3":{"name":"(anonymous_3)","decl":{"start":{"line":20,"column":21},"end":{"line":20,"column":22}},"loc":{"start":{"line":20,"column":30},"end":{"line":25,"column":1}},"line":20},"4":{"name":"(anonymous_4)","decl":{"start":{"line":20,"column":30},"end":{"line":20,"column":31}},"loc":{"start":{"line":20,"column":38},"end":{"line":25,"column":1}},"line":20},"5":{"name":"(anonymous_5)","decl":{"start":{"line":20,"column":38},"end":{"line":20,"column":39}},"loc":{"start":{"line":20,"column":48},"end":{"line":25,"column":1}},"line":20},"6":{"name":"(anonymous_6)","decl":{"start":{"line":27,"column":19},"end":{"line":27,"column":20}},"loc":{"start":{"line":27,"column":31},"end":{"line":30,"column":1}},"line":27},"7":{"name":"(anonymous_7)","decl":{"start":{"line":32,"column":21},"end":{"line":32,"column":22}},"loc":{"start":{"line":33,"column":4},"end":{"line":36,"column":5}},"line":33}},"branchMap":{"0":{"loc":{"start":{"line":6,"column":4},"end":{"line":17,"column":5}},"type":"if","locations":[{"start":{"line":6,"column":4},"end":{"line":17,"column":5}},{"start":{"line":6,"column":4},"end":{"line":17,"column":5}}],"line":6},"1":{"loc":{"start":{"line":28,"column":4},"end":{"line":28,"column":40}},"type":"cond-expr","locations":[{"start":{"line":28,"column":13},"end":{"line":28,"column":25}},{"start":{"line":28,"column":28},"end":{"line":28,"column":40}}],"line":28},"2":{"loc":{"start":{"line":32,"column":22},"end":{"line":32,"column":42}},"type":"default-arg","locations":[{"start":{"line":32,"column":37},"end":{"line":32,"column":42}}],"line":32},"3":{"loc":{"start":{"line":32,"column":44},"end":{"line":32,"column":61}},"type":"default-arg","locations":[{"start":{"line":32,"column":59},"end":{"line":32,"column":61}}],"line":32}},"s":{"0":1,"1":3,"2":3,"3":3,"4":3,"5":3,"6":3,"7":3,"8":3,"9":3,"10":3,"11":0,"12":1,"13":0,"14":0,"15":0,"16":0,"17":0,"18":0,"19":1,"20":3,"21":1,"22":3},"f":{"0":3,"1":3,"2":3,"3":0,"4":0,"5":0,"6":3,"7":3},"b":{"0":[3,0],"1":[0,3],"2":[0],"3":[0]},"_coverageSchema":"1a1c01bbd47fc00a2c39e90264f33305004495a9","hash":"bb455dece9cad4109608520b2b34847135e0cc40"}
,"/Users/romanersov/Projects/color-organizer/src/store/reducers.js": {"path":"/Users/romanersov/Projects/color-organizer/src/store/reducers.js","statementMap":{"0":{"start":{"line":3,"column":21},"end":{"line":22,"column":1}},"1":{"start":{"line":4,"column":4},"end":{"line":21,"column":5}},"2":{"start":{"line":6,"column":12},"end":{"line":12,"column":13}},"3":{"start":{"line":14,"column":12},"end":{"line":18,"column":13}},"4":{"start":{"line":20,"column":12},"end":{"line":20,"column":24}},"5":{"start":{"line":24,"column":22},"end":{"line":42,"column":1}},"6":{"start":{"line":25,"column":4},"end":{"line":41,"column":5}},"7":{"start":{"line":27,"column":12},"end":{"line":30,"column":13}},"8":{"start":{"line":32,"column":12},"end":{"line":34,"column":13}},"9":{"start":{"line":33,"column":21},"end":{"line":33,"column":37}},"10":{"start":{"line":36,"column":12},"end":{"line":38,"column":13}},"11":{"start":{"line":37,"column":21},"end":{"line":37,"column":39}},"12":{"start":{"line":40,"column":12},"end":{"line":40,"column":24}},"13":{"start":{"line":45,"column":20},"end":{"line":52,"column":1}},"14":{"start":{"line":46,"column":4},"end":{"line":51,"column":5}},"15":{"start":{"line":48,"column":12},"end":{"line":48,"column":32}},"16":{"start":{"line":50,"column":12},"end":{"line":50,"column":24}}},"fnMap":{"0":{"name":"(anonymous_0)","decl":{"start":{"line":3,"column":21},"end":{"line":3,"column":22}},"loc":{"start":{"line":3,"column":61},"end":{"line":22,"column":1}},"line":3},"1":{"name":"(anonymous_1)","decl":{"start":{"line":24,"column":22},"end":{"line":24,"column":23}},"loc":{"start":{"line":24,"column":61},"end":{"line":42,"column":1}},"line":24},"2":{"name":"(anonymous_2)","decl":{"start":{"line":33,"column":16},"end":{"line":33,"column":17}},"loc":{"start":{"line":33,"column":21},"end":{"line":33,"column":37}},"line":33},"3":{"name":"(anonymous_3)","decl":{"start":{"line":37,"column":16},"end":{"line":37,"column":17}},"loc":{"start":{"line":37,"column":21},"end":{"line":37,"column":39}},"line":37},"4":{"name":"(anonymous_4)","decl":{"start":{"line":45,"column":20},"end":{"line":45,"column":21}},"loc":{"start":{"line":45,"column":58},"end":{"line":52,"column":1}},"line":45}},"branchMap":{"0":{"loc":{"start":{"line":3,"column":22},"end":{"line":3,"column":32}},"type":"default-arg","locations":[{"start":{"line":3,"column":30},"end":{"line":3,"column":32}}],"line":3},"1":{"loc":{"start":{"line":3,"column":34},"end":{"line":3,"column":56}},"type":"default-arg","locations":[{"start":{"line":3,"column":42},"end":{"line":3,"column":56}}],"line":3},"2":{"loc":{"start":{"line":4,"column":4},"end":{"line":21,"column":5}},"type":"switch","locations":[{"start":{"line":5,"column":8},"end":{"line":12,"column":13}},{"start":{"line":13,"column":8},"end":{"line":18,"column":13}},{"start":{"line":19,"column":8},"end":{"line":20,"column":24}}],"line":4},"3":{"loc":{"start":{"line":14,"column":19},"end":{"line":18,"column":13}},"type":"cond-expr","locations":[{"start":{"line":14,"column":46},"end":{"line":14,"column":51}},{"start":{"line":15,"column":12},"end":{"line":18,"column":13}}],"line":14},"4":{"loc":{"start":{"line":24,"column":23},"end":{"line":24,"column":33}},"type":"default-arg","locations":[{"start":{"line":24,"column":31},"end":{"line":24,"column":33}}],"line":24},"5":{"loc":{"start":{"line":24,"column":35},"end":{"line":24,"column":56}},"type":"default-arg","locations":[{"start":{"line":24,"column":42},"end":{"line":24,"column":56}}],"line":24},"6":{"loc":{"start":{"line":25,"column":4},"end":{"line":41,"column":5}},"type":"switch","locations":[{"start":{"line":26,"column":8},"end":{"line":30,"column":13}},{"start":{"line":31,"column":8},"end":{"line":34,"column":13}},{"start":{"line":35,"column":8},"end":{"line":38,"column":13}},{"start":{"line":39,"column":8},"end":{"line":40,"column":24}}],"line":25},"7":{"loc":{"start":{"line":45,"column":21},"end":{"line":45,"column":45}},"type":"default-arg","locations":[{"start":{"line":45,"column":29},"end":{"line":45,"column":45}}],"line":45},"8":{"loc":{"start":{"line":46,"column":4},"end":{"line":51,"column":5}},"type":"switch","locations":[{"start":{"line":47,"column":8},"end":{"line":48,"column":32}},{"start":{"line":49,"column":8},"end":{"line":50,"column":24}}],"line":46}},"s":{"0":3,"1":8,"2":3,"3":5,"4":0,"5":3,"6":15,"7":2,"8":2,"9":4,"10":2,"11":4,"12":9,"13":3,"14":0,"15":0,"16":0},"f":{"0":8,"1":15,"2":4,"3":4,"4":0},"b":{"0":[0],"1":[0],"2":[3,5,0],"3":[2,3],"4":[6],"5":[0],"6":[2,2,2,9],"7":[0],"8":[0,0]},"_coverageSchema":"1a1c01bbd47fc00a2c39e90264f33305004495a9","hash":"9424144f629f189a4c9dd2629e39d9fecdccc783"}
,"/Users/romanersov/Projects/color-organizer/src/utils/TimeAgo.js": {"path":"/Users/romanersov/Projects/color-organizer/src/utils/TimeAgo.js","statementMap":{"0":{"start":{"line":1,"column":15},"end":{"line":1,"column":19}},"1":{"start":{"line":2,"column":12},"end":{"line":2,"column":23}},"2":{"start":{"line":3,"column":10},"end":{"line":3,"column":21}},"3":{"start":{"line":4,"column":9},"end":{"line":4,"column":18}},"4":{"start":{"line":5,"column":15},"end":{"line":5,"column":42}},"5":{"start":{"line":6,"column":17},"end":{"line":11,"column":4}},"6":{"start":{"line":13,"column":15},"end":{"line":13,"column":59}},"7":{"start":{"line":13,"column":34},"end":{"line":13,"column":59}},"8":{"start":{"line":15,"column":16},"end":{"line":15,"column":67}},"9":{"start":{"line":15,"column":36},"end":{"line":15,"column":67}},"10":{"start":{"line":17,"column":20},"end":{"line":17,"column":70}},"11":{"start":{"line":17,"column":47},"end":{"line":17,"column":70}},"12":{"start":{"line":19,"column":26},"end":{"line":19,"column":73}},"13":{"start":{"line":19,"column":47},"end":{"line":19,"column":73}},"14":{"start":{"line":21,"column":20},"end":{"line":22,"column":59}},"15":{"start":{"line":22,"column":3},"end":{"line":22,"column":59}},"16":{"start":{"line":24,"column":18},"end":{"line":27,"column":10}},"17":{"start":{"line":25,"column":3},"end":{"line":27,"column":10}},"18":{"start":{"line":29,"column":22},"end":{"line":30,"column":79}},"19":{"start":{"line":30,"column":3},"end":{"line":30,"column":79}},"20":{"start":{"line":32,"column":24},"end":{"line":35,"column":25}},"21":{"start":{"line":33,"column":3},"end":{"line":35,"column":25}},"22":{"start":{"line":37,"column":19},"end":{"line":40,"column":16}},"23":{"start":{"line":38,"column":3},"end":{"line":40,"column":16}},"24":{"start":{"line":42,"column":18},"end":{"line":46,"column":4}},"25":{"start":{"line":43,"column":3},"end":{"line":46,"column":4}},"26":{"start":{"line":45,"column":12},"end":{"line":45,"column":55}},"27":{"start":{"line":48,"column":19},"end":{"line":51,"column":62}},"28":{"start":{"line":49,"column":3},"end":{"line":51,"column":62}},"29":{"start":{"line":53,"column":19},"end":{"line":54,"column":64}},"30":{"start":{"line":54,"column":3},"end":{"line":54,"column":64}}},"fnMap":{"0":{"name":"(anonymous_0)","decl":{"start":{"line":13,"column":15},"end":{"line":13,"column":16}},"loc":{"start":{"line":13,"column":34},"end":{"line":13,"column":59}},"line":13},"1":{"name":"(anonymous_1)","decl":{"start":{"line":15,"column":16},"end":{"line":15,"column":17}},"loc":{"start":{"line":15,"column":36},"end":{"line":15,"column":67}},"line":15},"2":{"name":"(anonymous_2)","decl":{"start":{"line":17,"column":20},"end":{"line":17,"column":21}},"loc":{"start":{"line":17,"column":47},"end":{"line":17,"column":70}},"line":17},"3":{"name":"(anonymous_3)","decl":{"start":{"line":19,"column":26},"end":{"line":19,"column":27}},"loc":{"start":{"line":19,"column":47},"end":{"line":19,"column":73}},"line":19},"4":{"name":"(anonymous_4)","decl":{"start":{"line":21,"column":20},"end":{"line":21,"column":21}},"loc":{"start":{"line":22,"column":3},"end":{"line":22,"column":59}},"line":22},"5":{"name":"(anonymous_5)","decl":{"start":{"line":24,"column":18},"end":{"line":24,"column":19}},"loc":{"start":{"line":25,"column":3},"end":{"line":27,"column":10}},"line":25},"6":{"name":"(anonymous_6)","decl":{"start":{"line":29,"column":22},"end":{"line":29,"column":23}},"loc":{"start":{"line":30,"column":3},"end":{"line":30,"column":79}},"line":30},"7":{"name":"(anonymous_7)","decl":{"start":{"line":32,"column":24},"end":{"line":32,"column":25}},"loc":{"start":{"line":33,"column":3},"end":{"line":35,"column":25}},"line":33},"8":{"name":"(anonymous_8)","decl":{"start":{"line":37,"column":19},"end":{"line":37,"column":20}},"loc":{"start":{"line":38,"column":3},"end":{"line":40,"column":16}},"line":38},"9":{"name":"(anonymous_9)","decl":{"start":{"line":42,"column":18},"end":{"line":42,"column":19}},"loc":{"start":{"line":43,"column":3},"end":{"line":46,"column":4}},"line":43},"10":{"name":"(anonymous_10)","decl":{"start":{"line":45,"column":6},"end":{"line":45,"column":7}},"loc":{"start":{"line":45,"column":12},"end":{"line":45,"column":55}},"line":45},"11":{"name":"(anonymous_11)","decl":{"start":{"line":48,"column":19},"end":{"line":48,"column":20}},"loc":{"start":{"line":49,"column":3},"end":{"line":51,"column":62}},"line":49},"12":{"name":"(anonymous_12)","decl":{"start":{"line":53,"column":19},"end":{"line":53,"column":20}},"loc":{"start":{"line":54,"column":3},"end":{"line":54,"column":64}},"line":54}},"branchMap":{"0":{"loc":{"start":{"line":22,"column":33},"end":{"line":22,"column":56}},"type":"cond-expr","locations":[{"start":{"line":22,"column":48},"end":{"line":22,"column":51}},{"start":{"line":22,"column":54},"end":{"line":22,"column":56}}],"line":22},"1":{"loc":{"start":{"line":25,"column":3},"end":{"line":27,"column":10}},"type":"cond-expr","locations":[{"start":{"line":26,"column":6},"end":{"line":26,"column":82}},{"start":{"line":27,"column":6},"end":{"line":27,"column":10}}],"line":25},"2":{"loc":{"start":{"line":33,"column":3},"end":{"line":35,"column":25}},"type":"cond-expr","locations":[{"start":{"line":34,"column":6},"end":{"line":34,"column":26}},{"start":{"line":35,"column":6},"end":{"line":35,"column":25}}],"line":33},"3":{"loc":{"start":{"line":38,"column":3},"end":{"line":40,"column":16}},"type":"cond-expr","locations":[{"start":{"line":39,"column":6},"end":{"line":39,"column":29}},{"start":{"line":40,"column":6},"end":{"line":40,"column":16}}],"line":38},"4":{"loc":{"start":{"line":49,"column":3},"end":{"line":51,"column":62}},"type":"cond-expr","locations":[{"start":{"line":50,"column":6},"end":{"line":50,"column":38}},{"start":{"line":51,"column":6},"end":{"line":51,"column":62}}],"line":49},"5":{"loc":{"start":{"line":53,"column":31},"end":{"line":53,"column":56}},"type":"default-arg","locations":[{"start":{"line":53,"column":35},"end":{"line":53,"column":56}}],"line":53}},"s":{"0":1,"1":1,"2":1,"3":1,"4":1,"5":1,"6":1,"7":54,"8":1,"9":24,"10":1,"11":24,"12":1,"13":0,"14":1,"15":0,"16":1,"17":24,"18":1,"19":6,"20":1,"21":0,"22":1,"23":24,"24":1,"25":24,"26":24,"27":1,"28":30,"29":1,"30":6},"f":{"0":54,"1":24,"2":24,"3":0,"4":0,"5":24,"6":6,"7":0,"8":24,"9":24,"10":24,"11":30,"12":6},"b":{"0":[0,0],"1":[0,24],"2":[0,0],"3":[0,24],"4":[6,24],"5":[6]},"_coverageSchema":"1a1c01bbd47fc00a2c39e90264f33305004495a9","hash":"d3a80aa09cf6ae4d23d2f19578022ac7db7a6e16"}
}
