TN:
SF:src/actionCreators.js
FN:4,(anonymous_0)
FN:13,(anonymous_1)
FN:20,(anonymous_2)
FNF:3
FNH:3
FNDA:1,(anonymous_0)
FNDA:1,(anonymous_1)
FNDA:1,(anonymous_2)
DA:4,1
DA:13,1
DA:20,1
LF:3
LH:3
BRF:0
BRH:0
end_of_record
TN:
SF:src/constants.js
FNF:0
FNH:0
DA:1,3
LF:1
LH:1
BRF:0
BRH:0
end_of_record
TN:
SF:src/components/ui/AddColorForm.js
FN:5,(anonymous_0)
FN:5,(anonymous_1)
FN:6,(anonymous_2)
FN:21,(anonymous_3)
FN:28,(anonymous_4)
FNF:5
FNH:4
FNDA:7,(anonymous_0)
FNDA:0,(anonymous_1)
FNDA:5,(anonymous_2)
FNDA:6,(anonymous_3)
FNDA:6,(anonymous_4)
DA:5,1
DA:6,7
DA:7,5
DA:8,5
DA:9,5
DA:10,5
DA:11,5
DA:15,7
DA:21,6
DA:28,6
DA:40,1
LF:11
LH:11
BRDA:5,0,0,2
BRF:1
BRH:1
end_of_record
TN:
SF:src/components/ui/Color.js
FN:11,(anonymous_0)
FN:19,(anonymous_1)
FN:32,(anonymous_2)
FN:54,(anonymous_3)
FN:55,(anonymous_4)
FNF:5
FNH:3
FNDA:7,(anonymous_0)
FNDA:0,(anonymous_1)
FNDA:0,(anonymous_2)
FNDA:1,(anonymous_3)
FNDA:1,(anonymous_4)
DA:12,7
DA:14,7
DA:19,0
DA:32,0
DA:44,1
DA:52,1
DA:54,1
DA:55,1
LF:8
LH:6
BRF:0
BRH:0
end_of_record
TN:
SF:src/components/ui/ColorList.js
FN:6,(anonymous_0)
FN:6,(anonymous_1)
FN:6,(anonymous_2)
FN:10,(anonymous_3)
FN:13,(anonymous_4)
FN:14,(anonymous_5)
FNF:6
FNH:6
FNDA:10,(anonymous_0)
FNDA:1,(anonymous_1)
FNDA:1,(anonymous_2)
FNDA:24,(anonymous_3)
FNDA:3,(anonymous_4)
FNDA:3,(anonymous_5)
DA:6,1
DA:7,10
DA:11,24
DA:13,3
DA:14,3
DA:23,1
LF:6
LH:6
BRDA:6,0,0,2
BRDA:6,1,0,8
BRDA:6,2,0,8
BRDA:9,3,0,8
BRDA:9,3,1,2
BRF:5
BRH:5
end_of_record
TN:
SF:src/components/ui/Menu.js
FN:9,(anonymous_0)
FNF:1
FNH:1
FNDA:3,(anonymous_0)
DA:5,1
DA:9,1
DA:10,3
LF:3
LH:3
BRDA:13,0,0,1
BRDA:13,0,1,2
BRF:2
BRH:2
end_of_record
TN:
SF:src/components/ui/Star.js
FN:5,(anonymous_0)
FN:5,(anonymous_1)
FNF:2
FNH:1
FNDA:43,(anonymous_0)
FNDA:0,(anonymous_1)
DA:5,3
DA:6,43
DA:8,43
DA:17,3
LF:4
LH:4
BRDA:5,0,0,2
BRDA:5,1,0,2
BRDA:5,2,0,3
BRDA:6,3,0,4
BRDA:6,3,1,39
BRF:5
BRH:5
end_of_record
TN:
SF:src/components/ui/StarRating.js
FN:7,(anonymous_0)
FN:7,(anonymous_1)
FN:10,(anonymous_2)
FN:15,(anonymous_3)
FNF:4
FNH:4
FNDA:8,(anonymous_0)
FNDA:1,(anonymous_1)
FNDA:40,(anonymous_2)
FNDA:6,(anonymous_3)
DA:7,2
DA:8,8
DA:11,40
DA:15,6
DA:23,2
LF:5
LH:5
BRDA:7,0,0,1
BRDA:7,1,0,7
BRDA:7,2,0,1
BRF:3
BRH:3
end_of_record
TN:
SF:src/components/ui/TimeAgo.js
FN:5,(anonymous_0)
FNF:1
FNH:1
FNDA:6,(anonymous_0)
DA:5,1
DA:6,6
LF:2
LH:2
BRF:0
BRH:0
end_of_record
TN:
SF:src/store/index.js
FN:5,(anonymous_0)
FN:5,(anonymous_1)
FN:5,(anonymous_2)
FN:20,(anonymous_3)
FN:20,(anonymous_4)
FN:20,(anonymous_5)
FN:27,(anonymous_6)
FN:32,(anonymous_7)
FNF:8
FNH:5
FNDA:3,(anonymous_0)
FNDA:3,(anonymous_1)
FNDA:3,(anonymous_2)
FNDA:0,(anonymous_3)
FNDA:0,(anonymous_4)
FNDA:0,(anonymous_5)
FNDA:3,(anonymous_6)
FNDA:3,(anonymous_7)
DA:5,3
DA:6,3
DA:8,3
DA:9,3
DA:10,3
DA:11,3
DA:12,3
DA:13,3
DA:14,3
DA:16,0
DA:20,1
DA:21,0
DA:22,0
DA:23,0
DA:24,0
DA:27,3
DA:32,1
DA:33,3
LF:18
LH:13
BRDA:6,0,0,3
BRDA:6,0,1,0
BRDA:28,1,0,0
BRDA:28,1,1,3
BRDA:32,2,0,0
BRDA:32,3,0,0
BRF:6
BRH:2
end_of_record
TN:
SF:src/store/reducers.js
FN:3,(anonymous_0)
FN:24,(anonymous_1)
FN:33,(anonymous_2)
FN:37,(anonymous_3)
FN:45,(anonymous_4)
FNF:5
FNH:4
FNDA:8,(anonymous_0)
FNDA:15,(anonymous_1)
FNDA:4,(anonymous_2)
FNDA:4,(anonymous_3)
FNDA:0,(anonymous_4)
DA:3,3
DA:4,8
DA:6,3
DA:14,5
DA:20,0
DA:24,3
DA:25,15
DA:27,2
DA:32,2
DA:33,4
DA:36,2
DA:37,4
DA:40,9
DA:45,3
DA:46,0
DA:48,0
DA:50,0
LF:17
LH:13
BRDA:3,0,0,0
BRDA:3,1,0,0
BRDA:4,2,0,3
BRDA:4,2,1,5
BRDA:4,2,2,0
BRDA:14,3,0,2
BRDA:14,3,1,3
BRDA:24,4,0,6
BRDA:24,5,0,0
BRDA:25,6,0,2
BRDA:25,6,1,2
BRDA:25,6,2,2
BRDA:25,6,3,9
BRDA:45,7,0,0
BRDA:46,8,0,0
BRDA:46,8,1,0
BRF:16
BRH:9
end_of_record
TN:
SF:src/utils/TimeAgo.js
FN:13,(anonymous_0)
FN:15,(anonymous_1)
FN:17,(anonymous_2)
FN:19,(anonymous_3)
FN:21,(anonymous_4)
FN:24,(anonymous_5)
FN:29,(anonymous_6)
FN:32,(anonymous_7)
FN:37,(anonymous_8)
FN:42,(anonymous_9)
FN:45,(anonymous_10)
FN:48,(anonymous_11)
FN:53,(anonymous_12)
FNF:13
FNH:10
FNDA:54,(anonymous_0)
FNDA:24,(anonymous_1)
FNDA:24,(anonymous_2)
FNDA:0,(anonymous_3)
FNDA:0,(anonymous_4)
FNDA:24,(anonymous_5)
FNDA:6,(anonymous_6)
FNDA:0,(anonymous_7)
FNDA:24,(anonymous_8)
FNDA:24,(anonymous_9)
FNDA:24,(anonymous_10)
FNDA:30,(anonymous_11)
FNDA:6,(anonymous_12)
DA:1,1
DA:2,1
DA:3,1
DA:4,1
DA:5,1
DA:6,1
DA:13,54
DA:15,24
DA:17,24
DA:19,1
DA:21,1
DA:22,0
DA:24,1
DA:25,24
DA:29,1
DA:30,6
DA:32,1
DA:33,0
DA:37,1
DA:38,24
DA:42,1
DA:43,24
DA:45,24
DA:48,1
DA:49,30
DA:53,1
DA:54,6
LF:27
LH:25
BRDA:22,0,0,0
BRDA:22,0,1,0
BRDA:25,1,0,0
BRDA:25,1,1,24
BRDA:33,2,0,0
BRDA:33,2,1,0
BRDA:38,3,0,0
BRDA:38,3,1,24
BRDA:49,4,0,6
BRDA:49,4,1,24
BRDA:53,5,0,6
BRF:11
BRH:5
end_of_record
